<?xml version="1.0" encoding="UTF-8"?>
<!-- Generated by org.testng.reporters.JUnitReportReporter -->
<testsuite hostname="DESKTOP-328P50G" name="login.TestLogin" tests="2" failures="0" timestamp="17 Mar 2022 18:40:32 GMT" time="34.660" errors="0">
  <testcase name="testLoginWithInvalidCredentials" time="14.572" classname="login.TestLogin"/>
  <testcase name="testLogin" time="20.088" classname="login.TestLogin"/>
</testsuite> <!-- login.TestLogin -->
